<?xml version="1.0" ?>
<coverage version="7.6.4" timestamp="1731489040207" lines-valid="318" lines-covered="271" line-rate="0.8522" branches-covered="0" branches-valid="0" branch-rate="0" complexity="0">
	<!-- Generated by coverage.py: https://coverage.readthedocs.io/en/7.6.4 -->
	<!-- Based on https://raw.githubusercontent.com/cobertura/web/master/htdocs/xml/coverage-04.dtd -->
	<sources>
		<source>/home/eric/git_clones/pricetracker-New9c/backend/src</source>
	</sources>
	<packages>
		<package name="." line-rate="0.8202" branch-rate="0" complexity="0">
			<classes>
				<class name="config.py" filename="config.py" complexity="0" line-rate="1" branch-rate="0">
					<methods/>
					<lines>
						<line number="1" hits="1"/>
						<line number="3" hits="1"/>
						<line number="4" hits="1"/>
						<line number="5" hits="1"/>
						<line number="6" hits="1"/>
						<line number="7" hits="1"/>
						<line number="8" hits="1"/>
						<line number="9" hits="1"/>
						<line number="10" hits="1"/>
						<line number="11" hits="1"/>
						<line number="12" hits="1"/>
						<line number="13" hits="1"/>
						<line number="14" hits="1"/>
						<line number="15" hits="1"/>
					</lines>
				</class>
				<class name="database.py" filename="database.py" complexity="0" line-rate="0.5455" branch-rate="0">
					<methods/>
					<lines>
						<line number="1" hits="1"/>
						<line number="2" hits="1"/>
						<line number="3" hits="1"/>
						<line number="5" hits="1"/>
						<line number="7" hits="1"/>
						<line number="8" hits="0"/>
						<line number="9" hits="0"/>
						<line number="10" hits="0"/>
						<line number="12" hits="0"/>
						<line number="14" hits="1"/>
						<line number="15" hits="0"/>
					</lines>
				</class>
				<class name="dependencies.py" filename="dependencies.py" complexity="0" line-rate="1" branch-rate="0">
					<methods/>
					<lines>
						<line number="1" hits="1"/>
						<line number="2" hits="1"/>
						<line number="3" hits="1"/>
						<line number="4" hits="1"/>
						<line number="6" hits="1"/>
					</lines>
				</class>
				<class name="main.py" filename="main.py" complexity="0" line-rate="0.6944" branch-rate="0">
					<methods/>
					<lines>
						<line number="1" hits="1"/>
						<line number="2" hits="1"/>
						<line number="3" hits="1"/>
						<line number="4" hits="1"/>
						<line number="5" hits="1"/>
						<line number="6" hits="1"/>
						<line number="8" hits="1"/>
						<line number="9" hits="1"/>
						<line number="10" hits="1"/>
						<line number="11" hits="1"/>
						<line number="12" hits="1"/>
						<line number="13" hits="1"/>
						<line number="14" hits="1"/>
						<line number="18" hits="1"/>
						<line number="24" hits="1"/>
						<line number="25" hits="1"/>
						<line number="27" hits="1"/>
						<line number="35" hits="1"/>
						<line number="38" hits="1"/>
						<line number="39" hits="1"/>
						<line number="40" hits="0"/>
						<line number="41" hits="0"/>
						<line number="43" hits="0"/>
						<line number="44" hits="0"/>
						<line number="45" hits="0"/>
						<line number="46" hits="0"/>
						<line number="47" hits="0"/>
						<line number="48" hits="0"/>
						<line number="49" hits="0"/>
						<line number="51" hits="0"/>
						<line number="54" hits="1"/>
						<line number="55" hits="1"/>
						<line number="56" hits="0"/>
						<line number="60" hits="1"/>
						<line number="61" hits="1"/>
						<line number="62" hits="1"/>
					</lines>
				</class>
				<class name="models.py" filename="models.py" complexity="0" line-rate="1" branch-rate="0">
					<methods/>
					<lines>
						<line number="1" hits="1"/>
						<line number="2" hits="1"/>
						<line number="3" hits="1"/>
						<line number="4" hits="1"/>
						<line number="7" hits="1"/>
						<line number="10" hits="1"/>
						<line number="19" hits="1"/>
						<line number="20" hits="1"/>
						<line number="21" hits="1"/>
						<line number="22" hits="1"/>
						<line number="23" hits="1"/>
						<line number="24" hits="1"/>
						<line number="31" hits="1"/>
						<line number="32" hits="1"/>
						<line number="33" hits="1"/>
						<line number="34" hits="1"/>
						<line number="35" hits="1"/>
						<line number="36" hits="1"/>
						<line number="37" hits="1"/>
						<line number="38" hits="1"/>
						<line number="39" hits="1"/>
						<line number="40" hits="1"/>
						<line number="46" hits="1"/>
					</lines>
				</class>
			</classes>
		</package>
		<package name="news" line-rate="0.7929" branch-rate="0" complexity="0">
			<classes>
				<class name="config.py" filename="news/config.py" complexity="0" line-rate="1" branch-rate="0">
					<methods/>
					<lines>
						<line number="1" hits="1"/>
						<line number="2" hits="1"/>
						<line number="4" hits="1"/>
						<line number="6" hits="1"/>
						<line number="7" hits="1"/>
						<line number="8" hits="1"/>
						<line number="9" hits="1"/>
						<line number="10" hits="1"/>
						<line number="11" hits="1"/>
					</lines>
				</class>
				<class name="router.py" filename="news/router.py" complexity="0" line-rate="1" branch-rate="0">
					<methods/>
					<lines>
						<line number="1" hits="1"/>
						<line number="2" hits="1"/>
						<line number="3" hits="1"/>
						<line number="4" hits="1"/>
						<line number="5" hits="1"/>
						<line number="7" hits="1"/>
						<line number="10" hits="1"/>
						<line number="11" hits="1"/>
						<line number="12" hits="1"/>
						<line number="15" hits="1"/>
						<line number="16" hits="1"/>
						<line number="17" hits="1"/>
						<line number="21" hits="1"/>
						<line number="22" hits="1"/>
						<line number="23" hits="1"/>
						<line number="25" hits="1"/>
						<line number="26" hits="1"/>
						<line number="27" hits="1"/>
						<line number="28" hits="1"/>
						<line number="29" hits="1"/>
						<line number="30" hits="1"/>
						<line number="31" hits="1"/>
						<line number="34" hits="1"/>
						<line number="35" hits="1"/>
						<line number="40" hits="1"/>
						<line number="41" hits="1"/>
					</lines>
				</class>
				<class name="schemas.py" filename="news/schemas.py" complexity="0" line-rate="1" branch-rate="0">
					<methods/>
					<lines>
						<line number="1" hits="1"/>
						<line number="3" hits="1"/>
						<line number="4" hits="1"/>
						<line number="7" hits="1"/>
						<line number="8" hits="1"/>
					</lines>
				</class>
				<class name="service.py" filename="news/service.py" complexity="0" line-rate="0.6848" branch-rate="0">
					<methods/>
					<lines>
						<line number="1" hits="1"/>
						<line number="2" hits="1"/>
						<line number="3" hits="1"/>
						<line number="4" hits="1"/>
						<line number="5" hits="1"/>
						<line number="6" hits="1"/>
						<line number="7" hits="1"/>
						<line number="8" hits="1"/>
						<line number="9" hits="1"/>
						<line number="10" hits="1"/>
						<line number="13" hits="1"/>
						<line number="15" hits="1"/>
						<line number="16" hits="1"/>
						<line number="18" hits="1"/>
						<line number="19" hits="0"/>
						<line number="21" hits="1"/>
						<line number="22" hits="1"/>
						<line number="26" hits="1"/>
						<line number="30" hits="1"/>
						<line number="31" hits="1"/>
						<line number="34" hits="1"/>
						<line number="35" hits="1"/>
						<line number="39" hits="1"/>
						<line number="40" hits="1"/>
						<line number="41" hits="1"/>
						<line number="45" hits="1"/>
						<line number="48" hits="1"/>
						<line number="54" hits="0"/>
						<line number="62" hits="0"/>
						<line number="64" hits="1"/>
						<line number="72" hits="0"/>
						<line number="74" hits="0"/>
						<line number="75" hits="0"/>
						<line number="76" hits="0"/>
						<line number="77" hits="0"/>
						<line number="83" hits="0"/>
						<line number="84" hits="0"/>
						<line number="86" hits="0"/>
						<line number="87" hits="0"/>
						<line number="89" hits="0"/>
						<line number="95" hits="0"/>
						<line number="97" hits="0"/>
						<line number="98" hits="0"/>
						<line number="100" hits="1"/>
						<line number="107" hits="0"/>
						<line number="108" hits="0"/>
						<line number="109" hits="0"/>
						<line number="113" hits="0"/>
						<line number="114" hits="0"/>
						<line number="115" hits="0"/>
						<line number="116" hits="0"/>
						<line number="117" hits="0"/>
						<line number="118" hits="0"/>
						<line number="119" hits="0"/>
						<line number="120" hits="0"/>
						<line number="122" hits="1"/>
						<line number="123" hits="1"/>
						<line number="128" hits="1"/>
						<line number="129" hits="1"/>
						<line number="130" hits="1"/>
						<line number="136" hits="1"/>
						<line number="138" hits="1"/>
						<line number="139" hits="1"/>
						<line number="146" hits="1"/>
						<line number="147" hits="1"/>
						<line number="151" hits="1"/>
						<line number="152" hits="1"/>
						<line number="153" hits="1"/>
						<line number="155" hits="1"/>
						<line number="158" hits="1"/>
						<line number="159" hits="1"/>
						<line number="160" hits="1"/>
						<line number="163" hits="1"/>
						<line number="164" hits="1"/>
						<line number="165" hits="1"/>
						<line number="166" hits="1"/>
						<line number="167" hits="1"/>
						<line number="168" hits="1"/>
						<line number="171" hits="1"/>
						<line number="173" hits="1"/>
						<line number="174" hits="1"/>
						<line number="175" hits="1"/>
						<line number="177" hits="1"/>
						<line number="178" hits="1"/>
						<line number="179" hits="1"/>
						<line number="180" hits="1"/>
						<line number="181" hits="1"/>
						<line number="182" hits="1"/>
						<line number="183" hits="1"/>
						<line number="184" hits="0"/>
						<line number="185" hits="0"/>
						<line number="186" hits="1"/>
					</lines>
				</class>
				<class name="utils.py" filename="news/utils.py" complexity="0" line-rate="1" branch-rate="0">
					<methods/>
					<lines>
						<line number="1" hits="1"/>
						<line number="2" hits="1"/>
						<line number="3" hits="1"/>
						<line number="5" hits="1"/>
						<line number="6" hits="1"/>
						<line number="8" hits="1"/>
						<line number="9" hits="1"/>
						<line number="14" hits="1"/>
					</lines>
				</class>
			</classes>
		</package>
		<package name="price" line-rate="1" branch-rate="0" complexity="0">
			<classes>
				<class name="router.py" filename="price/router.py" complexity="0" line-rate="1" branch-rate="0">
					<methods/>
					<lines>
						<line number="1" hits="1"/>
						<line number="2" hits="1"/>
						<line number="4" hits="1"/>
						<line number="6" hits="1"/>
						<line number="7" hits="1"/>
						<line number="10" hits="1"/>
					</lines>
				</class>
			</classes>
		</package>
		<package name="user" line-rate="0.9759" branch-rate="0" complexity="0">
			<classes>
				<class name="config.py" filename="user/config.py" complexity="0" line-rate="1" branch-rate="0">
					<methods/>
					<lines>
						<line number="1" hits="1"/>
						<line number="2" hits="1"/>
						<line number="3" hits="1"/>
						<line number="5" hits="1"/>
						<line number="7" hits="1"/>
						<line number="8" hits="1"/>
						<line number="10" hits="1"/>
						<line number="11" hits="1"/>
						<line number="12" hits="1"/>
						<line number="13" hits="1"/>
						<line number="14" hits="1"/>
						<line number="16" hits="1"/>
					</lines>
				</class>
				<class name="dependencies.py" filename="user/dependencies.py" complexity="0" line-rate="1" branch-rate="0">
					<methods/>
					<lines>
						<line number="1" hits="1"/>
						<line number="2" hits="1"/>
						<line number="3" hits="1"/>
						<line number="4" hits="1"/>
						<line number="5" hits="1"/>
						<line number="6" hits="1"/>
						<line number="7" hits="1"/>
						<line number="9" hits="1"/>
						<line number="11" hits="1"/>
						<line number="12" hits="1"/>
						<line number="13" hits="1"/>
						<line number="16" hits="1"/>
					</lines>
				</class>
				<class name="router.py" filename="user/router.py" complexity="0" line-rate="1" branch-rate="0">
					<methods/>
					<lines>
						<line number="1" hits="1"/>
						<line number="2" hits="1"/>
						<line number="3" hits="1"/>
						<line number="4" hits="1"/>
						<line number="5" hits="1"/>
						<line number="6" hits="1"/>
						<line number="7" hits="1"/>
						<line number="10" hits="1"/>
						<line number="11" hits="1"/>
						<line number="12" hits="1"/>
						<line number="17" hits="1"/>
						<line number="18" hits="1"/>
						<line number="20" hits="1"/>
						<line number="21" hits="1"/>
						<line number="23" hits="1"/>
						<line number="24" hits="1"/>
						<line number="27" hits="1"/>
						<line number="28" hits="1"/>
						<line number="29" hits="1"/>
					</lines>
				</class>
				<class name="schemas.py" filename="user/schemas.py" complexity="0" line-rate="1" branch-rate="0">
					<methods/>
					<lines>
						<line number="1" hits="1"/>
						<line number="4" hits="1"/>
						<line number="5" hits="1"/>
						<line number="6" hits="1"/>
					</lines>
				</class>
				<class name="service.py" filename="user/service.py" complexity="0" line-rate="0.9444" branch-rate="0">
					<methods/>
					<lines>
						<line number="1" hits="1"/>
						<line number="2" hits="1"/>
						<line number="3" hits="1"/>
						<line number="4" hits="1"/>
						<line number="5" hits="1"/>
						<line number="6" hits="1"/>
						<line number="8" hits="1"/>
						<line number="10" hits="1"/>
						<line number="11" hits="1"/>
						<line number="13" hits="1"/>
						<line number="14" hits="1"/>
						<line number="17" hits="1"/>
						<line number="18" hits="1"/>
						<line number="19" hits="1"/>
						<line number="20" hits="0"/>
						<line number="21" hits="1"/>
						<line number="24" hits="1"/>
						<line number="26" hits="1"/>
						<line number="27" hits="1"/>
						<line number="28" hits="1"/>
						<line number="30" hits="0"/>
						<line number="31" hits="1"/>
						<line number="32" hits="1"/>
						<line number="33" hits="1"/>
						<line number="34" hits="1"/>
						<line number="37" hits="1"/>
						<line number="38" hits="1"/>
						<line number="39" hits="1"/>
						<line number="42" hits="1"/>
						<line number="44" hits="1"/>
						<line number="45" hits="1"/>
						<line number="46" hits="1"/>
						<line number="47" hits="1"/>
						<line number="48" hits="1"/>
						<line number="49" hits="1"/>
						<line number="50" hits="1"/>
					</lines>
				</class>
			</classes>
		</package>
	</packages>
</coverage>
